<?xml version="1.0" encoding="UTF-8"?>
<!-- Generated by org.testng.reporters.JUnitReportReporter -->
<testsuite hostname="LAPTOP-9TVVSMMO" failures="0" tests="1" name="com.KeyBoardOperations.YouTubeSearch" time="10.242" errors="0" timestamp="2022-11-07T23:13:25 IST" skipped="0">
  <testcase classname="com.KeyBoardOperations.YouTubeSearch" name="searchTest" time="10.242"/>
  <system-out/>
</testsuite> <!-- com.KeyBoardOperations.YouTubeSearch -->
