<?xml version="1.0" encoding="UTF-8"?>
<!-- Generated by org.testng.reporters.JUnitReportReporter -->
<testsuite hostname="LAPTOP-9TVVSMMO" failures="0" tests="4" name="com.TestNG.TestNGExample" time="0.016" errors="0" timestamp="2022-11-04T19:25:00 IST" skipped="1">
  <testcase classname="com.TestNG.TestNGExample" name="gmailApplicationLaunch" time="0.013"/>
  <system-out/>
  <testcase classname="com.TestNG.TestNGExample" name="inbox" time="0.002"/>
  <system-out/>
  <testcase classname="com.TestNG.TestNGExample" name="composeMail" time="0.001"/>
  <system-out/>
  <testcase classname="com.TestNG.TestNGExample" name="SentMail">
    <skipped/>
  </testcase> <!-- SentMail -->
  <system-out/>
</testsuite> <!-- com.TestNG.TestNGExample -->
