<?xml version="1.0" encoding="UTF-8"?>
<!-- Generated by org.testng.reporters.JUnitReportReporter -->
<testsuite hostname="LAPTOP-9TVVSMMO" failures="0" tests="6" name="com.TestNG.OHRM_EmployeeList_Excel_TestNG" time="19.078" errors="0" timestamp="2022-11-14T15:44:33 IST" skipped="0">
  <testcase classname="com.TestNG.OHRM_EmployeeList_Excel_TestNG" name="LoginTest" time="2.225"/>
  <system-out/>
  <testcase classname="com.TestNG.OHRM_EmployeeList_Excel_TestNG" name="PIM_Test" time="0.322"/>
  <system-out/>
  <testcase classname="com.TestNG.OHRM_EmployeeList_Excel_TestNG" name="EmployeeList_Test" time="1.078"/>
  <system-out/>
  <testcase classname="com.TestNG.OHRM_EmployeeList_Excel_TestNG" name="CapturingEmployeeList_To_Excel_Test" time="13.981"/>
  <system-out/>
  <testcase classname="com.TestNG.OHRM_EmployeeList_Excel_TestNG" name="welcomeAdminTest" time="0.075"/>
  <system-out/>
  <testcase classname="com.TestNG.OHRM_EmployeeList_Excel_TestNG" name="LogoutTest" time="1.397"/>
  <system-out/>
</testsuite> <!-- com.TestNG.OHRM_EmployeeList_Excel_TestNG -->
