<?xml version="1.0" encoding="UTF-8"?>
<!-- Generated by org.testng.reporters.JUnitReportReporter -->
<testsuite hostname="LAPTOP-9TVVSMMO" failures="0" tests="2" name="com.RadioButtons.RadioButtonTest" time="60.962" errors="0" timestamp="2022-11-14T14:25:47 IST" skipped="0">
  <testcase classname="com.RadioButtons.RadioButtonTest" name="RadioButtonTesting" time="30.487"/>
  <system-out/>
  <testcase classname="com.RadioButtons.RadioButtonTest" name="RadioButtonTesting_Group1" time="30.475"/>
  <system-out/>
</testsuite> <!-- com.RadioButtons.RadioButtonTest -->
