<?xml version="1.0" encoding="UTF-8"?>
<!-- Generated by org.testng.reporters.JUnitReportReporter -->
<testsuite hostname="LAPTOP-9TVVSMMO" failures="0" tests="3" name="com.TestNG.TestNGExample2" time="0.007" errors="0" timestamp="2022-11-04T19:35:37 IST" skipped="1">
  <testcase classname="com.TestNG.TestNGExample2" name="inbox" time="0.006"/>
  <system-out/>
  <testcase classname="com.TestNG.TestNGExample2" name="SentMail" time="0.001"/>
  <system-out/>
  <testcase classname="com.TestNG.TestNGExample2" name="composeMail">
    <skipped/>
  </testcase> <!-- composeMail -->
  <system-out/>
</testsuite> <!-- com.TestNG.TestNGExample2 -->
