<?xml version="1.0" encoding="UTF-8"?>
<!-- Generated by org.testng.reporters.JUnitReportReporter -->
<testsuite hostname="LAPTOP-9TVVSMMO" failures="0" tests="1" name="com.RedffiiAssignment.CreateAccount" time="0.145" errors="0" timestamp="2022-11-07T23:20:23 IST" skipped="0">
  <testcase classname="com.RedffiiAssignment.CreateAccount" name="UserName_Test" time="0.145"/>
  <system-out/>
</testsuite> <!-- com.RedffiiAssignment.CreateAccount -->
