<?xml version="1.0" encoding="UTF-8"?>
<!-- Generated by org.testng.reporters.JUnitReportReporter -->
<testsuite hostname="LAPTOP-9TVVSMMO" failures="0" tests="3" name="com.TestNG.OHRM_TestNG_Login" time="3.540" errors="0" timestamp="2022-11-14T15:44:33 IST" skipped="0">
  <testcase classname="com.TestNG.OHRM_TestNG_Login" name="LoginTest" time="2.332"/>
  <system-out/>
  <testcase classname="com.TestNG.OHRM_TestNG_Login" name="welcomeAdminTest" time="0.087"/>
  <system-out/>
  <testcase classname="com.TestNG.OHRM_TestNG_Login" name="LogoutTest" time="1.121"/>
  <system-out/>
</testsuite> <!-- com.TestNG.OHRM_TestNG_Login -->
