<?xml version="1.0" encoding="UTF-8"?>
<!-- Generated by org.testng.reporters.JUnitReportReporter -->
<testsuite hostname="LAPTOP-9TVVSMMO" failures="0" tests="2" name="com.OHRMTestCases.LogInTest" time="3.745" errors="0" timestamp="2022-11-15T19:12:40 IST" skipped="0">
  <testcase classname="com.OHRMTestCases.LogInTest" name="OHRM_logInTest" time="2.626"/>
  <system-out/>
  <testcase classname="com.OHRMTestCases.LogInTest" name="logOutTest" time="1.119"/>
  <system-out/>
</testsuite> <!-- com.OHRMTestCases.LogInTest -->
